<?xml version="1.0" encoding="UTF-8"?>
<!-- Generated by org.testng.reporters.JUnitXMLReporter -->
<testsuite ignored="0" hostname="HBPC-HWMBD15-001" failures="0" tests="3" name="Surefire test" time="0.35" errors="0" timestamp="2024-07-31T15:50:02 CEST">
  <testcase classname="com.exemple.AppTest" name="testConvertToJson on testConvertToJson(com.exemple.AppTest)" time="0.314"/>
  <testcase classname="com.exemple.AppTest" name="testApp on testApp(com.exemple.AppTest)" time="0.001"/>
  <testcase classname="com.exemple.AppTest" name="testCapitalizeString on testCapitalizeString(com.exemple.AppTest)" time="0.016"/>
</testsuite> <!-- Surefire test -->
