<?xml version="1.0" encoding="UTF-8"?>
<testsuite xmlns:xsi="http://www.w3.org/2001/XMLSchema-instance" xsi:noNamespaceSchemaLocation="https://maven.apache.org/surefire/maven-surefire-plugin/xsd/surefire-test-report-3.0.xsd" version="3.0" name="com.exemple.AppTest" time="0.771" tests="3" errors="0" skipped="0" failures="0">
  <properties>
[...]
</properties>
  <testcase name="testConvertToJson on testConvertToJson(com.exemple.AppTest)" classname="com.exemple.AppTest" time="0.562"/>
  <testcase name="testApp on testApp(com.exemple.AppTest)" classname="com.exemple.AppTest" time="0.565"/>
  <testcase name="testCapitalizeString on testCapitalizeString(com.exemple.AppTest)" classname="com.exemple.AppTest" time="0.578"/>
</testsuite>